Core was generated by `gda-test'.
Program terminated with signal 11, Segmentation fault.
#0  0x400ac2a1 in dlerror () from /lib/libdl.so.2
#0  0x400ac2a1 in dlerror () from /lib/libdl.so.2
#1  0x400abf1f in dlopen () from /lib/libdl.so.2
#2  0x400a804d in _g_module_open (
    file_name=0x8075c20 "/gnome/2.0/INSTALL/lib/libgda/providers/libgda-mysql.so", bind_lazy=1) at gmodule-dl.c:97
#3  0x400a8726 in g_module_open (
    file_name=0x80761c0 "/gnome/2.0/INSTALL/lib/libgda/providers/libgda-mysql.so", flags=G_MODULE_BIND_LAZY) at gmodule.c:385
#4  0x400209d3 in gda_config_get_provider_list () at gda-config.c:1017
#5  0x40020b7e in gda_config_get_provider_by_name (name=0x8076bd8 "FreeTDS")
    at gda-config.c:1089
#6  0x4001e5ca in gda_client_open_connection (client=0x8075bb8, 
    dsn=0x8075d08 "FreeTDS", username=0x8075d98 "sa", password=0x804bb89 "")
    at gda-client.c:243
#7  0x08049dae in open_connection (client=0x8075bb8, name=0x8075d08 "FreeTDS", 
    username=0x8075d98 "sa", password=0x804bb89 "") at client.c:78
#8  0x0804a5c7 in test_client () at client.c:180
#9  0x0804aff6 in run_gda_test (user_data=0x0) at gda-test.c:33
#10 0x40027f82 in idle_cb (user_data=0x8051a48) at gda-init.c:80
#11 0x400d07a8 in g_idle_dispatch (source=0x806d7f8, 
    callback=0x40027f5c <idle_cb>, user_data=0x8051a48) at gmain.c:3129
#12 0x400cdf88 in g_main_dispatch (context=0x806d848) at gmain.c:1617
#13 0x400cee72 in g_main_context_dispatch (context=0x806d848) at gmain.c:2161
#14 0x400cf016 in g_main_context_iterate (context=0x806d848, block=1, 
    dispatch=1, self=0x8050888) at gmain.c:2242
#15 0x400cf75e in g_main_loop_run (loop=0x806dd28) at gmain.c:2462
#16 0x40028039 in gda_main_run (init_func=0x804afdc <run_gda_test>, 
    user_data=0x0) at gda-init.c:116
#17 0x0804b028 in main (argc=1, argv=0xbffffc14) at gda-test.c:43
